<?xml version="1.0" encoding="UTF-8"?>
<!-- Generated by org.testng.reporters.JUnitReportReporter -->
<testsuite skipped="0" hostname="DESKTOP-4SR6NAV" name="Automation.RestAssured.GetListUser" tests="3" failures="0" timestamp="17 Apr 2022 12:46:11 GMT" time="5.461" errors="0">
  <testcase name="VerifyUserListIsNotEmpty" time="3.728" classname="Automation.RestAssured.GetListUser"/>
  <testcase name="VerifyUserPagewiseDataList" time="0.700" classname="Automation.RestAssured.GetListUser"/>
  <testcase name="VerifyTheLIstForAccessTotalPage" time="1.033" classname="Automation.RestAssured.GetListUser"/>
</testsuite> <!-- Automation.RestAssured.GetListUser -->
